<?xml version="1.0" encoding="UTF-8"?>
<!-- Generated by org.testng.reporters.JUnitXMLReporter -->
<testsuite hostname="Mohammeds-MacBook-Pro.local" ignored="0" name="FirefoxTest" tests="3" failures="0" timestamp="2020-12-13T23:52:41 EET" time="15.42" errors="0">
  <testcase name="@BeforeTest setupEnviroment" time="15.363" classname="test.CreateEvent">
    <failure type="java.lang.NullPointerException">
      <![CDATA[java.lang.NullPointerException
at test.CreateEvent.setupEnviroment(CreateEvent.java:45)
... Removed 24 stack frames]]>
    </failure>
  </testcase> <!-- @BeforeTest setupEnviroment -->
  <testcase name="@AfterMethod tearDown" time="-1.607896355976E9" classname="test.CreateEvent">
    <skipped/>
  </testcase> <!-- @AfterMethod tearDown -->
  <testcase name="@AfterMethod tearDown" time="-1.607896355989E9" classname="test.CreateEvent">
    <skipped/>
  </testcase> <!-- @AfterMethod tearDown -->
  <testcase name="@AfterMethod tearDown" time="-1.607896355997E9" classname="test.CreateEvent">
    <skipped/>
  </testcase> <!-- @AfterMethod tearDown -->
  <testcase name="@AfterTest tearDown" time="-1.607896356004E9" classname="test.CreateEvent">
    <skipped/>
  </testcase> <!-- @AfterTest tearDown -->
  <testcase name="login" time="0.0" classname="test.CreateEvent">
    <skipped/>
  </testcase> <!-- login -->
  <testcase name="selectKidsPlaceCalender" time="0.0" classname="test.CreateEvent">
    <skipped/>
  </testcase> <!-- selectKidsPlaceCalender -->
  <testcase name="createEvent" time="0.0" classname="test.CreateEvent">
    <skipped/>
  </testcase> <!-- createEvent -->
</testsuite> <!-- FirefoxTest -->
