<?xml version="1.0" encoding="UTF-8"?>
<!-- Generated by org.testng.reporters.JUnitXMLReporter -->
<testsuite hostname="Mohammeds-MacBook-Pro.local" ignored="0" name="TestonFireFox" tests="4" failures="0" timestamp="2020-12-15T15:50:29 EET" time="67.63" errors="0">
  <testcase name="login" time="0.649" classname="test.CreateEvent"/>
  <testcase name="selectKidsPlaceCalender" time="8.304" classname="test.CreateEvent"/>
  <testcase name="createEvent" time="11.836" classname="test.CreateEvent"/>
  <testcase name="checkSuccessfullNotification" time="17.056" classname="test.CreateEvent"/>
</testsuite> <!-- TestonFireFox -->
