<?xml version="1.0" encoding="UTF-8"?>
<!-- Generated by org.testng.reporters.JUnitXMLReporter -->
<testsuite hostname="Mohammeds-MacBook-Pro.local" ignored="0" name="TestonChrome" tests="4" failures="0" timestamp="2020-12-15T15:49:16 EET" time="61.47" errors="0">
  <testcase name="login" time="0.67" classname="test.CreateEvent"/>
  <testcase name="selectKidsPlaceCalender" time="10.126" classname="test.CreateEvent"/>
  <testcase name="createEvent" time="12.319" classname="test.CreateEvent"/>
  <testcase name="checkSuccessfullNotification" time="17.051" classname="test.CreateEvent"/>
</testsuite> <!-- TestonChrome -->
